Using pre-set license
Built from '2020.3/staging' branch; Version is '2020.3.42f1 (7ade1201f527) revision 8052242'; Using compiler version '192528614'; Build Type 'Release'
OS: 'Windows 10  (10.0.19045) 64bit Core' Language: 'fr' Physical Memory: 32705 MB
BatchMode: 1, IsHumanControllingUs: 0, StartBugReporterOnCrash: 0, Is64bit: 1, IsPro: 0

COMMAND LINE ARGUMENTS:
C:\Program Files\Unity\Hub\Editor\2020.3.42f1\Editor\Unity.exe
-adb2
-batchMode
-noUpm
-name
AssetImportWorker0
-projectPath
C:/_LAURELINE/Programmation/Git/Road_To_Ze_Bachelor
-logFile
Logs/AssetImportWorker0.log
-srvPort
58535
Successfully changed project path to: C:/_LAURELINE/Programmation/Git/Road_To_Ze_Bachelor
C:/_LAURELINE/Programmation/Git/Road_To_Ze_Bachelor
Using Asset Import Pipeline V2.
Refreshing native plugins compatible for Editor in 46.18 ms, found 2 plugins.
Preloading 0 native plugins for Editor in 0.00 ms.
Initialize engine version: 2020.3.42f1 (7ade1201f527)
[Subsystems] Discovering subsystems at path C:/Program Files/Unity/Hub/Editor/2020.3.42f1/Editor/Data/Resources/UnitySubsystems
[Subsystems] Discovering subsystems at path C:/_LAURELINE/Programmation/Git/Road_To_Ze_Bachelor/Assets
GfxDevice: creating device client; threaded=0
Direct3D:
    Version:  Direct3D 11.0 [level 11.1]
    Renderer: NVIDIA GeForce GTX 1080 (ID=0x1b80)
    Vendor:   
    VRAM:     8072 MB
    Driver:   31.0.15.2756
Initialize mono
Mono path[0] = 'C:/Program Files/Unity/Hub/Editor/2020.3.42f1/Editor/Data/Managed'
Mono path[1] = 'C:/Program Files/Unity/Hub/Editor/2020.3.42f1/Editor/Data/MonoBleedingEdge/lib/mono/unityjit'
Mono config path = 'C:/Program Files/Unity/Hub/Editor/2020.3.42f1/Editor/Data/MonoBleedingEdge/etc'
Using monoOptions --debugger-agent=transport=dt_socket,embedding=1,server=y,suspend=n,address=127.0.0.1:56272
Begin MonoManager ReloadAssembly
Registering precompiled unity dll's ...
Register platform support module: C:/Program Files/Unity/Hub/Editor/2020.3.42f1/Editor/Data/PlaybackEngines/WindowsStandaloneSupport/UnityEditor.WindowsStandalone.Extensions.dll
Registered in 0.001810 seconds.
Native extension for WindowsStandalone target not found
Refreshing native plugins compatible for Editor in 50.36 ms, found 2 plugins.
Preloading 0 native plugins for Editor in 0.00 ms.
Mono: successfully reloaded assembly
- Completed reload, in  0.524 seconds
Domain Reload Profiling:
	ReloadAssembly (524ms)
		BeginReloadAssembly (64ms)
			ExecutionOrderSort (0ms)
			DisableScriptedObjects (0ms)
			BackupInstance (0ms)
			ReleaseScriptingObjects (0ms)
			CreateAndSetChildDomain (1ms)
		EndReloadAssembly (394ms)
			LoadAssemblies (62ms)
			RebuildTransferFunctionScriptingTraits (0ms)
			SetupTypeCache (126ms)
			ReleaseScriptCaches (0ms)
			RebuildScriptCaches (27ms)
			SetupLoadedEditorAssemblies (159ms)
				LogAssemblyErrors (0ms)
				InitializePlatformSupportModulesInManaged (3ms)
				SetLoadedEditorAssemblies (0ms)
				RefreshPlugins (50ms)
				BeforeProcessingInitializeOnLoad (13ms)
				ProcessInitializeOnLoadAttributes (69ms)
				ProcessInitializeOnLoadMethodAttributes (22ms)
				AfterProcessingInitializeOnLoad (0ms)
				EditorAssembliesLoaded (0ms)
			ExecutionOrderSort2 (0ms)
			AwakeInstancesAfterBackupRestoration (0ms)
Platform modules already initialized, skipping
Registering precompiled user dll's ...
Registered in 0.003321 seconds.
Begin MonoManager ReloadAssembly
Native extension for WindowsStandalone target not found
Refreshing native plugins compatible for Editor in 47.52 ms, found 2 plugins.
Preloading 0 native plugins for Editor in 0.00 ms.
Mono: successfully reloaded assembly
- Completed reload, in  0.948 seconds
Domain Reload Profiling:
	ReloadAssembly (948ms)
		BeginReloadAssembly (122ms)
			ExecutionOrderSort (0ms)
			DisableScriptedObjects (4ms)
			BackupInstance (0ms)
			ReleaseScriptingObjects (0ms)
			CreateAndSetChildDomain (15ms)
		EndReloadAssembly (770ms)
			LoadAssemblies (88ms)
			RebuildTransferFunctionScriptingTraits (0ms)
			SetupTypeCache (251ms)
			ReleaseScriptCaches (0ms)
			RebuildScriptCaches (42ms)
			SetupLoadedEditorAssemblies (300ms)
				LogAssemblyErrors (0ms)
				InitializePlatformSupportModulesInManaged (3ms)
				SetLoadedEditorAssemblies (0ms)
				RefreshPlugins (48ms)
				BeforeProcessingInitializeOnLoad (75ms)
				ProcessInitializeOnLoadAttributes (157ms)
				ProcessInitializeOnLoadMethodAttributes (11ms)
				AfterProcessingInitializeOnLoad (6ms)
				EditorAssembliesLoaded (0ms)
			ExecutionOrderSort2 (0ms)
			AwakeInstancesAfterBackupRestoration (1ms)
Platform modules already initialized, skipping
========================================================================
Worker process is ready to serve import requests
Launched and connected shader compiler UnityShaderCompiler.exe after 0.03 seconds
Refreshing native plugins compatible for Editor in 0.43 ms, found 2 plugins.
Preloading 0 native plugins for Editor in 0.00 ms.
Unloading 2817 Unused Serialized files (Serialized files now loaded: 0)
System memory in use before: 128.2 MB.
System memory in use after: 128.4 MB.

Unloading 17 unused Assets to reduce memory usage. Loaded Objects now: 3256.
Total: 2.629200 ms (FindLiveObjects: 0.195900 ms CreateObjectMapping: 0.095400 ms MarkObjects: 2.279500 ms  DeleteObjects: 0.057800 ms)

AssetImportParameters requested are different than current active one (requested -> active):
  custom:framework-win-MediaFoundation: 216162199b28c13a410421893ffa2e32 -> 
  custom:video-decoder-ogg-theora: a1e56fd34408186e4bbccfd4996cb3dc -> 
  custom:container-muxer-webm: aa71ff27fc2769a1b78a27578f13a17b -> 
  custom:container-demuxer-webm: 4f35f7cbe854078d1ac9338744f61a02 -> 
  custom:container-demuxer-ogg: 62fdf1f143b41e24485cea50d1cbac27 -> 
  custom:video-encoder-webm-vp8: eb34c28f22e8b96e1ab97ce403110664 -> 
  custom:video-codec-MediaFoundation-h265: 746d11721c4dcdbdad8f713fa42b33f4 -> 
  custom:video-decoder-webm-vp8: 9c59270c3fd7afecdb556c50c9e8de78 -> 
  custom:audio-decoder-ogg-vorbis: bf7c407c2cedff20999df2af8eb42d56 -> 
  custom:audio-encoder-webm-vorbis: bf7c407c2cedff20999df2af8eb42d56 -> 
========================================================================
Received Import Request.
  path: Assets/Prefabs/Cars/NormalCar2.prefab
  artifactKey: Guid(e6633464e12a6e04dbdb79960f6de693) Importer(815301076,1909f56bfc062723c751e8b465ee728b)
Start importing Assets/Prefabs/Cars/NormalCar2.prefab using Guid(e6633464e12a6e04dbdb79960f6de693) Importer(815301076,1909f56bfc062723c751e8b465ee728b)  -> (artifact id: '5e3eccf74a336b55bf4b7132ee83e4bf') in 0.193255 seconds 
========================================================================
Received Import Request.
  Time since last request: 0.000226 seconds.
  path: Assets/Prefabs/Cars/Cop.prefab
  artifactKey: Guid(f939653fea539134c908bf914ff23571) Importer(815301076,1909f56bfc062723c751e8b465ee728b)
Start importing Assets/Prefabs/Cars/Cop.prefab using Guid(f939653fea539134c908bf914ff23571) Importer(815301076,1909f56bfc062723c751e8b465ee728b)  -> (artifact id: '2edfe043fd3f717add86bf6692259c15') in 0.012507 seconds 
========================================================================
Received Import Request.
  Time since last request: 0.000219 seconds.
  path: Assets/Prefabs/Cars/NormalCar1.prefab
  artifactKey: Guid(dcd528f3c0b2bf042babb9d110962ab7) Importer(815301076,1909f56bfc062723c751e8b465ee728b)
Start importing Assets/Prefabs/Cars/NormalCar1.prefab using Guid(dcd528f3c0b2bf042babb9d110962ab7) Importer(815301076,1909f56bfc062723c751e8b465ee728b)  -> (artifact id: 'e9e7a2f556c4764d00d2b2a1ff5ba4a5') in 0.012042 seconds 
========================================================================
Received Import Request.
  Time since last request: 0.000163 seconds.
  path: Assets/Prefabs/Cars/SportsCar2.prefab
  artifactKey: Guid(5d2ce4f2e805b5c4092a09a0930cf37d) Importer(815301076,1909f56bfc062723c751e8b465ee728b)
Start importing Assets/Prefabs/Cars/SportsCar2.prefab using Guid(5d2ce4f2e805b5c4092a09a0930cf37d) Importer(815301076,1909f56bfc062723c751e8b465ee728b)  -> (artifact id: '876a9de7c55f3d11393e115d585efc14') in 0.010912 seconds 
========================================================================
Received Import Request.
  Time since last request: 0.000196 seconds.
  path: Assets/Prefabs/Cars/SUV.prefab
  artifactKey: Guid(10f4671cf44100d409a99458809783f8) Importer(815301076,1909f56bfc062723c751e8b465ee728b)
Start importing Assets/Prefabs/Cars/SUV.prefab using Guid(10f4671cf44100d409a99458809783f8) Importer(815301076,1909f56bfc062723c751e8b465ee728b)  -> (artifact id: 'f7c16e3b0cf1654b2a97f631a2286b10') in 0.010474 seconds 
========================================================================
Received Import Request.
  Time since last request: 0.000158 seconds.
  path: Assets/Prefabs/Cars/SportsCar.prefab
  artifactKey: Guid(25c83d295f789394da1342229c25d951) Importer(815301076,1909f56bfc062723c751e8b465ee728b)
Start importing Assets/Prefabs/Cars/SportsCar.prefab using Guid(25c83d295f789394da1342229c25d951) Importer(815301076,1909f56bfc062723c751e8b465ee728b)  -> (artifact id: '00cb5666c33c6cc3429fb9ff67c9e5ff') in 0.010692 seconds 
========================================================================
Received Import Request.
  Time since last request: 0.000181 seconds.
  path: Assets/Prefabs/Cars/Taxi.prefab
  artifactKey: Guid(855cd82b21977fe458e741a8f5352a56) Importer(815301076,1909f56bfc062723c751e8b465ee728b)
Start importing Assets/Prefabs/Cars/Taxi.prefab using Guid(855cd82b21977fe458e741a8f5352a56) Importer(815301076,1909f56bfc062723c751e8b465ee728b)  -> (artifact id: 'e5462097f6f85a8d357eb0d593046a2d') in 0.008677 seconds 
========================================================================
Received Import Request.
  Time since last request: 64.519531 seconds.
  path: Assets/Prefabs/Road/Street_roundabout.prefab
  artifactKey: Guid(a82cf21314cd84147a95439e4afaffdd) Importer(815301076,1909f56bfc062723c751e8b465ee728b)
Start importing Assets/Prefabs/Road/Street_roundabout.prefab using Guid(a82cf21314cd84147a95439e4afaffdd) Importer(815301076,1909f56bfc062723c751e8b465ee728b) Tried select unknown importer for id '-2' '00000000000000000000000000000000'
 -> (artifact id: 'aba5371a31deb4341455ae7d34691746') in 0.028784 seconds 
========================================================================
Received Import Request.
  Time since last request: 29.980805 seconds.
  path: Assets/Prefabs/Road/_blend
  artifactKey: Guid(d7fc5189f637e3b4d81f1e3fbbe9ebdb) Importer(815301076,1909f56bfc062723c751e8b465ee728b)
Start importing Assets/Prefabs/Road/_blend using Guid(d7fc5189f637e3b4d81f1e3fbbe9ebdb) Importer(815301076,1909f56bfc062723c751e8b465ee728b)  -> (artifact id: 'e1d88059396f6c83af381e67c5607ac4') in 0.002372 seconds 
========================================================================
Received Import Request.
  Time since last request: 0.095788 seconds.
  path: Assets/Prefabs/Road/_blend/roundabout.obj
  artifactKey: Guid(a7049f6992e2cae4abe0c5054c444c31) Importer(815301076,1909f56bfc062723c751e8b465ee728b)
Start importing Assets/Prefabs/Road/_blend/roundabout.obj using Guid(a7049f6992e2cae4abe0c5054c444c31) Importer(815301076,1909f56bfc062723c751e8b465ee728b)  -> (artifact id: '6d805cb6320ab6e015e60ca0900fa38c') in 0.056468 seconds 
========================================================================
Received Import Request.
  Time since last request: 10.972603 seconds.
  path: Assets/Prefabs/Car.prefab
  artifactKey: Guid(d21a40f03474908428ab3808f8773fc4) Importer(815301076,1909f56bfc062723c751e8b465ee728b)
Start importing Assets/Prefabs/Car.prefab using Guid(d21a40f03474908428ab3808f8773fc4) Importer(815301076,1909f56bfc062723c751e8b465ee728b)  -> (artifact id: 'a2d86b950bfe91d286390f0d114fe3e7') in 0.004864 seconds 
========================================================================
Received Import Request.
  Time since last request: 1.217205 seconds.
  path: Assets/Prefabs/Road
  artifactKey: Guid(27c587fd09e537f49a39480de77cb1d2) Importer(815301076,1909f56bfc062723c751e8b465ee728b)
Start importing Assets/Prefabs/Road using Guid(27c587fd09e537f49a39480de77cb1d2) Importer(815301076,1909f56bfc062723c751e8b465ee728b)  -> (artifact id: 'cc7871e900d701cba8091f0044e15998') in 0.002497 seconds 
========================================================================
Received Import Request.
  Time since last request: 3.624988 seconds.
  path: Assets/Prefabs/Road/Street_roundabout.prefab
  artifactKey: Guid(a82cf21314cd84147a95439e4afaffdd) Importer(815301076,1909f56bfc062723c751e8b465ee728b)
Start importing Assets/Prefabs/Road/Street_roundabout.prefab using Guid(a82cf21314cd84147a95439e4afaffdd) Importer(815301076,1909f56bfc062723c751e8b465ee728b) Tried select unknown importer for id '-2' '00000000000000000000000000000000'
 -> (artifact id: 'fc08a862d8393d9e45cbfbf0a7015f3c') in 0.008800 seconds 
========================================================================
Received Import Request.
  Time since last request: 50.512318 seconds.
  path: Assets/Prefabs/Road/_blend/roundabout.fbx
  artifactKey: Guid(2bdd3c26ed8d5824c90e9b29bcb930be) Importer(815301076,1909f56bfc062723c751e8b465ee728b)
Start importing Assets/Prefabs/Road/_blend/roundabout.fbx using Guid(2bdd3c26ed8d5824c90e9b29bcb930be) Importer(815301076,1909f56bfc062723c751e8b465ee728b)  -> (artifact id: '839d594e6cc86d2393d7d777e6de0565') in 0.057540 seconds 
========================================================================
Received Import Request.
  Time since last request: 51.037023 seconds.
  path: Assets/Prefabs/Road/_blend/roundabout 1.fbx
  artifactKey: Guid(b940a657e3cbac14a92fc502fac01468) Importer(815301076,1909f56bfc062723c751e8b465ee728b)
Start importing Assets/Prefabs/Road/_blend/roundabout 1.fbx using Guid(b940a657e3cbac14a92fc502fac01468) Importer(815301076,1909f56bfc062723c751e8b465ee728b)  -> (artifact id: '2aac62b4abb76500157e4fc6284b8b75') in 0.026334 seconds 
========================================================================
Received Import Request.
  Time since last request: 65.729411 seconds.
  path: Assets/Prefabs/Road/_blend/roundabout.fbx
  artifactKey: Guid(2bdd3c26ed8d5824c90e9b29bcb930be) Importer(815301076,1909f56bfc062723c751e8b465ee728b)
Start importing Assets/Prefabs/Road/_blend/roundabout.fbx using Guid(2bdd3c26ed8d5824c90e9b29bcb930be) Importer(815301076,1909f56bfc062723c751e8b465ee728b)  -> (artifact id: '8ffc56a336c34a949e2987cc054c7ee5') in 0.021563 seconds 
========================================================================
Received Import Request.
  Time since last request: 27.238246 seconds.
  path: Assets/Prefabs/Road/_blend/roundabout.fbx
  artifactKey: Guid(2bdd3c26ed8d5824c90e9b29bcb930be) Importer(815301076,1909f56bfc062723c751e8b465ee728b)
Start importing Assets/Prefabs/Road/_blend/roundabout.fbx using Guid(2bdd3c26ed8d5824c90e9b29bcb930be) Importer(815301076,1909f56bfc062723c751e8b465ee728b)  -> (artifact id: '95ea00e34b69b527871f59270857c4d4') in 0.023215 seconds 
AssetImportWorkerClient::OnTransportError - code=2 error=End of file
